[debug] [2019-06-13T01:30:29.672Z] ----------------------------------------------------------------------
[debug] [2019-06-13T01:30:29.674Z] Command:       /Users/tfletcher/.nvm/versions/node/v10.15.1/bin/node /Users/tfletcher/.nvm/versions/node/v10.15.1/bin/firebase serve --only functions
[debug] [2019-06-13T01:30:29.674Z] CLI Version:   6.11.0
[debug] [2019-06-13T01:30:29.674Z] Platform:      darwin
[debug] [2019-06-13T01:30:29.674Z] Node Version:  v10.15.1
[debug] [2019-06-13T01:30:29.675Z] Time:          Wed Jun 12 2019 20:30:29 GMT-0500 (Central Daylight Time)
[debug] [2019-06-13T01:30:29.675Z] ----------------------------------------------------------------------
[debug] 
[debug] [2019-06-13T01:30:29.687Z] > command requires scopes: ["email","openid","https://www.googleapis.com/auth/cloudplatformprojects.readonly","https://www.googleapis.com/auth/firebase","https://www.googleapis.com/auth/cloud-platform"]
[debug] [2019-06-13T01:30:29.688Z] > authorizing via signed-in user
[debug] [2019-06-13T01:30:29.688Z] [iam] checking project cg-contact for permissions ["firebase.projects.get"]
[debug] [2019-06-13T01:30:29.690Z] >>> HTTP REQUEST POST https://cloudresourcemanager.googleapis.com/v1/projects/cg-contact:testIamPermissions  

[debug] [2019-06-13T01:30:30.023Z] <<< HTTP RESPONSE 200
[debug] [2019-06-13T01:30:30.025Z] >>> HTTP REQUEST GET https://cloudresourcemanager.googleapis.com/v1/projects/cg-contact  
 
[debug] [2019-06-13T01:30:30.232Z] <<< HTTP RESPONSE 200
[warn] ⚠  Your requested "node" version "8" doesn't match your global version "10"
[debug] [2019-06-13T01:30:30.240Z] >>> HTTP REQUEST GET https://mobilesdk-pa.googleapis.com/v1/projects/284098285486:getServerAppConfig  
 
[debug] [2019-06-13T01:30:30.519Z] <<< HTTP RESPONSE 200
[info] ✔  functions: Emulator started at http://localhost:5000
[info] i  functions: Watching "/Users/tfletcher/Git/Personal/CGContact/functions" for Cloud Functions...
[debug] [2019-06-13T01:30:30.775Z] Functions runtime initialized.
[debug] [2019-06-13T01:30:30.776Z] Disabled runtime features: {"functions_config_helper":true,"network_filtering":true,"timeout":true,"memory_limiting":true,"protect_env":true,"admin_stubs":true}
[debug] [2019-06-13T01:30:31.511Z] firebase-admin has been stubbed.
[info] i  Your code has been provided a "firebase-admin" instance.
[info] i  functions: HTTP trigger initialized at http://localhost:5000/cg-contact/us-central1/api
